<?xml version="1.0" encoding="UTF-8"?>
<!-- Generated by org.testng.reporters.JUnitReportReporter -->
<testsuite hostname="DELL" failures="0" tests="4" name="automationPracticeScenario.PrioritySetProgram" time="0.015" errors="0" timestamp="2022-10-07T07:34:23 IST" skipped="0">
  <testcase classname="automationPracticeScenario.PrioritySetProgram" name="testc" time="0.004"/>
  <system-out/>
  <testcase classname="automationPracticeScenario.PrioritySetProgram" name="testc" time="0.008"/>
  <system-out/>
  <testcase classname="automationPracticeScenario.PrioritySetProgram" name="testc" time="0.001"/>
  <system-out/>
  <testcase classname="automationPracticeScenario.PrioritySetProgram" name="testA" time="0.002"/>
  <system-out/>
</testsuite> <!-- automationPracticeScenario.PrioritySetProgram -->
