<?xml version="1.0" encoding="UTF-8"?>
<!-- Generated by org.testng.reporters.JUnitReportReporter -->
<testsuite hostname="DELL" failures="0" tests="1" name="com.Saucdemo.Testclass.TestClassLoginfunctionality" time="7.918" errors="0" timestamp="2022-10-08T07:11:09 IST" skipped="0">
  <testcase classname="com.Saucdemo.Testclass.TestClassLoginfunctionality" name="verifyloginfunctionality" time="7.918"/>
  <system-out/>
</testsuite> <!-- com.Saucdemo.Testclass.TestClassLoginfunctionality -->
